   1               		.file	"twi.c"
   2               	__SREG__ = 0x3f
   3               	__SP_H__ = 0x3e
   4               	__SP_L__ = 0x3d
   5               	__CCP__  = 0x34
   6               	__tmp_reg__ = 0
   7               	__zero_reg__ = 1
  15               	.Ltext0:
  16               	.global	twi_setAddress
  18               	twi_setAddress:
  19               	.LFB6:
  20               	.LM1:
  21               	.LVL0:
  22               	/* prologue: function */
  23               	/* frame size = 0 */
  24               	.LM2:
  25 0000 880F      		lsl r24
  26               	.LVL1:
  27 0002 8093 BA00 		sts 186,r24
  28               	/* epilogue start */
  29               	.LM3:
  30 0006 0895      		ret
  31               	.LFE6:
  33               	.global	twi_setFrequency
  35               	twi_setFrequency:
  36               	.LFB7:
  37               	.LM4:
  38               	.LVL2:
  39               	/* prologue: function */
  40               	/* frame size = 0 */
  41 0008 9B01      		movw r18,r22
  42 000a AC01      		movw r20,r24
  43               	.LM5:
  44 000c 60E0      		ldi r22,lo8(16000000)
  45 000e 74E2      		ldi r23,hi8(16000000)
  46 0010 84EF      		ldi r24,hlo8(16000000)
  47 0012 90E0      		ldi r25,hhi8(16000000)
  48               	.LVL3:
  49 0014 0E94 0000 		call __udivmodsi4
  50               	.LVL4:
  51 0018 2051      		subi r18,lo8(-(-16))
  52 001a 3040      		sbci r19,hi8(-(-16))
  53 001c 4040      		sbci r20,hlo8(-(-16))
  54 001e 5040      		sbci r21,hhi8(-(-16))
  55 0020 5695      		lsr r21
  56 0022 4795      		ror r20
  57 0024 3795      		ror r19
  58 0026 2795      		ror r18
  59 0028 2093 B800 		sts 184,r18
  60               	/* epilogue start */
  61               	.LM6:
  62 002c 0895      		ret
  63               	.LFE7:
  65               	.global	twi_readFrom
  67               	twi_readFrom:
  68               	.LFB8:
  69               	.LM7:
  70               	.LVL5:
  71               	/* prologue: function */
  72               	/* frame size = 0 */
  73 002e 382F      		mov r19,r24
  74               	.LM8:
  75 0030 4132      		cpi r20,lo8(33)
  76 0032 00F0      		brlo .L16
  77               	.LVL6:
  78 0034 40E0      		ldi r20,lo8(0)
  79               	.LVL7:
  80 0036 00C0      		rjmp .L7
  81               	.L16:
  82               	.LM9:
  83 0038 8091 0000 		lds r24,twi_state
  84 003c 8823      		tst r24
  85 003e 01F4      		brne .L16
  86               	.LM10:
  87 0040 91E0      		ldi r25,lo8(1)
  88 0042 9093 0000 		sts twi_state,r25
  89               	.LM11:
  90 0046 2093 0000 		sts twi_sendStop,r18
  91               	.LM12:
  92 004a 8FEF      		ldi r24,lo8(-1)
  93 004c 8093 0000 		sts twi_error,r24
  94               	.LM13:
  95 0050 1092 0000 		sts twi_masterBufferIndex,__zero_reg__
  96               	.LM14:
  97 0054 4150      		subi r20,lo8(-(-1))
  98               	.LVL8:
  99 0056 4093 0000 		sts twi_masterBufferLength,r20
 100 005a 4F5F      		subi r20,lo8(-(1))
 101               	.LM15:
 102 005c 9093 0000 		sts twi_slarw,r25
 103               	.LM16:
 104 0060 8091 0000 		lds r24,twi_slarw
 105 0064 330F      		lsl r19
 106 0066 832B      		or r24,r19
 107 0068 8093 0000 		sts twi_slarw,r24
 108               	.LM17:
 109 006c 8091 0000 		lds r24,twi_inRepStart
 110 0070 8130      		cpi r24,lo8(1)
 111 0072 01F4      		brne .L8
 112               	.LM18:
 113 0074 1092 0000 		sts twi_inRepStart,__zero_reg__
 114               	.L9:
 115               	.LM19:
 116 0078 8091 0000 		lds r24,twi_slarw
 117 007c 8093 BB00 		sts 187,r24
 118               	.LM20:
 119 0080 8091 BC00 		lds r24,188
 120 0084 83FD      		sbrc r24,3
 121 0086 00C0      		rjmp .L9
 122               	.LM21:
 123 0088 85EC      		ldi r24,lo8(-59)
 124 008a 00C0      		rjmp .L20
 125               	.L8:
 126               	.LM22:
 127 008c 85EE      		ldi r24,lo8(-27)
 128               	.L20:
 129 008e 8093 BC00 		sts 188,r24
 130               	.L15:
 131               	.LM23:
 132 0092 8091 0000 		lds r24,twi_state
 133 0096 8130      		cpi r24,lo8(1)
 134 0098 01F0      		breq .L15
 135               	.LM24:
 136 009a 8091 0000 		lds r24,twi_masterBufferIndex
 137 009e 8417      		cp r24,r20
 138 00a0 00F4      		brsh .L11
 139               	.LM25:
 140 00a2 4091 0000 		lds r20,twi_masterBufferIndex
 141               	.L11:
 142 00a6 20E0      		ldi r18,lo8(0)
 143 00a8 30E0      		ldi r19,hi8(0)
 144               	.LVL9:
 145 00aa 00C0      		rjmp .L12
 146               	.L13:
 147               	.LM26:
 148 00ac FB01      		movw r30,r22
 149 00ae E20F      		add r30,r18
 150 00b0 F31F      		adc r31,r19
 151 00b2 D901      		movw r26,r18
 152 00b4 A050      		subi r26,lo8(-(twi_masterBuffer))
 153 00b6 B040      		sbci r27,hi8(-(twi_masterBuffer))
 154 00b8 8C91      		ld r24,X
 155 00ba 8083      		st Z,r24
 156 00bc 2F5F      		subi r18,lo8(-(1))
 157 00be 3F4F      		sbci r19,hi8(-(1))
 158               	.L12:
 159               	.LM27:
 160 00c0 2417      		cp r18,r20
 161 00c2 00F0      		brlo .L13
 162               	.LVL10:
 163               	.L7:
 164               	.LM28:
 165 00c4 842F      		mov r24,r20
 166               	/* epilogue start */
 167 00c6 0895      		ret
 168               	.LFE8:
 170               	.global	twi_writeTo
 172               	twi_writeTo:
 173               	.LFB9:
 174               	.LM29:
 175               	.LVL11:
 176 00c8 0F93      		push r16
 177               	.LVL12:
 178 00ca 1F93      		push r17
 179               	/* prologue: function */
 180               	/* frame size = 0 */
 181 00cc 582F      		mov r21,r24
 182 00ce 122F      		mov r17,r18
 183               	.LM30:
 184 00d0 4132      		cpi r20,lo8(33)
 185 00d2 00F0      		brlo .L36
 186               	.LVL13:
 187 00d4 81E0      		ldi r24,lo8(1)
 188 00d6 00C0      		rjmp .L23
 189               	.LVL14:
 190               	.L36:
 191               	.LM31:
 192 00d8 8091 0000 		lds r24,twi_state
 193 00dc 8823      		tst r24
 194 00de 01F4      		brne .L36
 195               	.LM32:
 196 00e0 82E0      		ldi r24,lo8(2)
 197 00e2 8093 0000 		sts twi_state,r24
 198               	.LM33:
 199 00e6 0093 0000 		sts twi_sendStop,r16
 200               	.LVL15:
 201               	.LM34:
 202 00ea 8FEF      		ldi r24,lo8(-1)
 203 00ec 8093 0000 		sts twi_error,r24
 204               	.LM35:
 205 00f0 1092 0000 		sts twi_masterBufferIndex,__zero_reg__
 206               	.LM36:
 207 00f4 4093 0000 		sts twi_masterBufferLength,r20
 208 00f8 A0E0      		ldi r26,lo8(twi_masterBuffer)
 209 00fa B0E0      		ldi r27,hi8(twi_masterBuffer)
 210 00fc FB01      		movw r30,r22
 211               	.LVL16:
 212 00fe 00C0      		rjmp .L24
 213               	.LVL17:
 214               	.L25:
 215               	.LM37:
 216 0100 8191      		ld r24,Z+
 217 0102 8D93      		st X+,r24
 218               	.L24:
 219               	.LM38:
 220 0104 8E2F      		mov r24,r30
 221 0106 861B      		sub r24,r22
 222 0108 8417      		cp r24,r20
 223 010a 00F0      		brlo .L25
 224               	.LM39:
 225 010c 1092 0000 		sts twi_slarw,__zero_reg__
 226               	.LM40:
 227 0110 8091 0000 		lds r24,twi_slarw
 228 0114 550F      		lsl r21
 229 0116 852B      		or r24,r21
 230 0118 8093 0000 		sts twi_slarw,r24
 231               	.LM41:
 232 011c 8091 0000 		lds r24,twi_inRepStart
 233 0120 8130      		cpi r24,lo8(1)
 234 0122 01F4      		brne .L26
 235               	.LM42:
 236 0124 1092 0000 		sts twi_inRepStart,__zero_reg__
 237               	.L27:
 238               	.LM43:
 239 0128 8091 0000 		lds r24,twi_slarw
 240 012c 8093 BB00 		sts 187,r24
 241               	.LM44:
 242 0130 8091 BC00 		lds r24,188
 243 0134 83FD      		sbrc r24,3
 244 0136 00C0      		rjmp .L27
 245               	.LM45:
 246 0138 85EC      		ldi r24,lo8(-59)
 247 013a 00C0      		rjmp .L40
 248               	.L26:
 249               	.LM46:
 250 013c 85EE      		ldi r24,lo8(-27)
 251               	.L40:
 252 013e 8093 BC00 		sts 188,r24
 253               	.LM47:
 254 0142 1123      		tst r17
 255 0144 01F0      		breq .L29
 256               	.L35:
 257 0146 8091 0000 		lds r24,twi_state
 258 014a 8230      		cpi r24,lo8(2)
 259 014c 01F0      		breq .L35
 260               	.L29:
 261               	.LM48:
 262 014e 8091 0000 		lds r24,twi_error
 263 0152 8F3F      		cpi r24,lo8(-1)
 264 0154 01F4      		brne .L31
 265 0156 80E0      		ldi r24,lo8(0)
 266 0158 00C0      		rjmp .L23
 267               	.L31:
 268               	.LM49:
 269 015a 8091 0000 		lds r24,twi_error
 270 015e 8032      		cpi r24,lo8(32)
 271 0160 01F4      		brne .L32
 272 0162 82E0      		ldi r24,lo8(2)
 273 0164 00C0      		rjmp .L23
 274               	.L32:
 275               	.LM50:
 276 0166 8091 0000 		lds r24,twi_error
 277 016a 8033      		cpi r24,lo8(48)
 278 016c 01F0      		breq .L33
 279 016e 84E0      		ldi r24,lo8(4)
 280 0170 00C0      		rjmp .L23
 281               	.L33:
 282 0172 83E0      		ldi r24,lo8(3)
 283               	.L23:
 284               	/* epilogue start */
 285               	.LM51:
 286 0174 1F91      		pop r17
 287               	.LVL18:
 288 0176 0F91      		pop r16
 289               	.LVL19:
 290 0178 0895      		ret
 291               	.LFE9:
 293               	.global	twi_transmit
 295               	twi_transmit:
 296               	.LFB10:
 297               	.LM52:
 298               	.LVL20:
 299               	/* prologue: function */
 300               	/* frame size = 0 */
 301 017a 9C01      		movw r18,r24
 302               	.LVL21:
 303               	.LM53:
 304 017c 8091 0000 		lds r24,twi_txBufferLength
 305 0180 90E0      		ldi r25,lo8(0)
 306 0182 860F      		add r24,r22
 307 0184 911D      		adc r25,__zero_reg__
 308 0186 8197      		sbiw r24,33
 309 0188 04F0      		brlt .L42
 310 018a 81E0      		ldi r24,lo8(1)
 311 018c 0895      		ret
 312               	.L42:
 313               	.LM54:
 314 018e 8091 0000 		lds r24,twi_state
 315 0192 8430      		cpi r24,lo8(4)
 316 0194 01F0      		breq .L44
 317 0196 82E0      		ldi r24,lo8(2)
 318 0198 0895      		ret
 319               	.L44:
 320 019a D901      		movw r26,r18
 321 019c 90E0      		ldi r25,lo8(0)
 322               	.LVL22:
 323 019e 00C0      		rjmp .L45
 324               	.LVL23:
 325               	.L46:
 326               	.LM55:
 327 01a0 8091 0000 		lds r24,twi_txBufferLength
 328 01a4 E92F      		mov r30,r25
 329 01a6 F0E0      		ldi r31,lo8(0)
 330 01a8 E050      		subi r30,lo8(-(twi_txBuffer))
 331 01aa F040      		sbci r31,hi8(-(twi_txBuffer))
 332               	.LVL24:
 333 01ac E80F      		add r30,r24
 334 01ae F11D      		adc r31,__zero_reg__
 335               	.LVL25:
 336 01b0 8D91      		ld r24,X+
 337 01b2 8083      		st Z,r24
 338               	.LM56:
 339 01b4 9F5F      		subi r25,lo8(-(1))
 340               	.LVL26:
 341               	.L45:
 342 01b6 9617      		cp r25,r22
 343 01b8 00F0      		brlo .L46
 344               	.LM57:
 345 01ba 8091 0000 		lds r24,twi_txBufferLength
 346 01be 860F      		add r24,r22
 347 01c0 8093 0000 		sts twi_txBufferLength,r24
 348 01c4 80E0      		ldi r24,lo8(0)
 349               	.LM58:
 350 01c6 0895      		ret
 351               	.LFE10:
 353               	.global	twi_attachSlaveRxEvent
 355               	twi_attachSlaveRxEvent:
 356               	.LFB11:
 357               	.LM59:
 358               	.LVL27:
 359               	/* prologue: function */
 360               	/* frame size = 0 */
 361               	.LM60:
 362 01c8 9093 0000 		sts (twi_onSlaveReceive)+1,r25
 363 01cc 8093 0000 		sts twi_onSlaveReceive,r24
 364               	/* epilogue start */
 365               	.LM61:
 366 01d0 0895      		ret
 367               	.LFE11:
 369               	.global	twi_attachSlaveTxEvent
 371               	twi_attachSlaveTxEvent:
 372               	.LFB12:
 373               	.LM62:
 374               	.LVL28:
 375               	/* prologue: function */
 376               	/* frame size = 0 */
 377               	.LM63:
 378 01d2 9093 0000 		sts (twi_onSlaveTransmit)+1,r25
 379 01d6 8093 0000 		sts twi_onSlaveTransmit,r24
 380               	/* epilogue start */
 381               	.LM64:
 382 01da 0895      		ret
 383               	.LFE12:
 385               	.global	twi_reply
 387               	twi_reply:
 388               	.LFB13:
 389               	.LM65:
 390               	.LVL29:
 391               	/* prologue: function */
 392               	/* frame size = 0 */
 393               	.LM66:
 394 01dc 8823      		tst r24
 395 01de 01F0      		breq .L53
 396               	.LM67:
 397 01e0 85EC      		ldi r24,lo8(-59)
 398               	.LVL30:
 399 01e2 00C0      		rjmp .L56
 400               	.LVL31:
 401               	.L53:
 402               	.LM68:
 403 01e4 85E8      		ldi r24,lo8(-123)
 404               	.LVL32:
 405               	.L56:
 406 01e6 8093 BC00 		sts 188,r24
 407 01ea 0895      		ret
 408               	.LFE13:
 410               	.global	twi_stop
 412               	twi_stop:
 413               	.LFB14:
 414               	.LM69:
 415               	/* prologue: function */
 416               	/* frame size = 0 */
 417               	.LM70:
 418 01ec 85ED      		ldi r24,lo8(-43)
 419 01ee 8093 BC00 		sts 188,r24
 420               	.L58:
 421               	.LM71:
 422 01f2 8091 BC00 		lds r24,188
 423 01f6 84FD      		sbrc r24,4
 424 01f8 00C0      		rjmp .L58
 425               	.LM72:
 426 01fa 1092 0000 		sts twi_state,__zero_reg__
 427               	/* epilogue start */
 428               	.LM73:
 429 01fe 0895      		ret
 430               	.LFE14:
 432               	.global	twi_releaseBus
 434               	twi_releaseBus:
 435               	.LFB15:
 436               	.LM74:
 437               	/* prologue: function */
 438               	/* frame size = 0 */
 439               	.LM75:
 440 0200 85EC      		ldi r24,lo8(-59)
 441 0202 8093 BC00 		sts 188,r24
 442               	.LM76:
 443 0206 1092 0000 		sts twi_state,__zero_reg__
 444               	/* epilogue start */
 445               	.LM77:
 446 020a 0895      		ret
 447               	.LFE15:
 449               	.global	__vector_24
 451               	__vector_24:
 452               	.LFB16:
 453               	.LM78:
 454 020c 1F92      		push __zero_reg__
 455 020e 0F92      		push r0
 456 0210 0FB6      		in r0,__SREG__
 457 0212 0F92      		push r0
 458 0214 1124      		clr __zero_reg__
 459 0216 2F93      		push r18
 460 0218 3F93      		push r19
 461 021a 4F93      		push r20
 462 021c 5F93      		push r21
 463 021e 6F93      		push r22
 464 0220 7F93      		push r23
 465 0222 8F93      		push r24
 466 0224 9F93      		push r25
 467 0226 AF93      		push r26
 468 0228 BF93      		push r27
 469 022a EF93      		push r30
 470 022c FF93      		push r31
 471               	/* prologue: Signal */
 472               	/* frame size = 0 */
 473               	.LM79:
 474 022e 8091 B900 		lds r24,185
 475 0232 90E0      		ldi r25,lo8(0)
 476 0234 887F      		andi r24,lo8(248)
 477 0236 9070      		andi r25,hi8(248)
 478 0238 8036      		cpi r24,96
 479 023a 9105      		cpc r25,__zero_reg__
 480 023c 01F4      		brne .+2
 481 023e 00C0      		rjmp .L75
 482 0240 8136      		cpi r24,97
 483 0242 9105      		cpc r25,__zero_reg__
 484 0244 04F4      		brge .L82
 485 0246 8832      		cpi r24,40
 486 0248 9105      		cpc r25,__zero_reg__
 487 024a 01F4      		brne .+2
 488 024c 00C0      		rjmp .L67
 489 024e 8932      		cpi r24,41
 490 0250 9105      		cpc r25,__zero_reg__
 491 0252 04F4      		brge .L83
 492 0254 8031      		cpi r24,16
 493 0256 9105      		cpc r25,__zero_reg__
 494 0258 01F4      		brne .+2
 495 025a 00C0      		rjmp .L66
 496 025c 8131      		cpi r24,17
 497 025e 9105      		cpc r25,__zero_reg__
 498 0260 04F4      		brge .L84
 499 0262 0097      		sbiw r24,0
 500 0264 01F4      		brne .+2
 501 0266 00C0      		rjmp .L65
 502 0268 0897      		sbiw r24,8
 503 026a 01F0      		breq .+2
 504 026c 00C0      		rjmp .L102
 505 026e 00C0      		rjmp .L66
 506               	.L84:
 507 0270 8831      		cpi r24,24
 508 0272 9105      		cpc r25,__zero_reg__
 509 0274 01F4      		brne .+2
 510 0276 00C0      		rjmp .L67
 511 0278 8097      		sbiw r24,32
 512 027a 01F0      		breq .+2
 513 027c 00C0      		rjmp .L102
 514 027e 00C0      		rjmp .L115
 515               	.L83:
 516 0280 8034      		cpi r24,64
 517 0282 9105      		cpc r25,__zero_reg__
 518 0284 01F4      		brne .+2
 519 0286 00C0      		rjmp .L71
 520 0288 8134      		cpi r24,65
 521 028a 9105      		cpc r25,__zero_reg__
 522 028c 04F4      		brge .L85
 523 028e 8033      		cpi r24,48
 524 0290 9105      		cpc r25,__zero_reg__
 525 0292 01F4      		brne .+2
 526 0294 00C0      		rjmp .L69
 527 0296 C897      		sbiw r24,56
 528 0298 01F0      		breq .+2
 529 029a 00C0      		rjmp .L102
 530 029c 00C0      		rjmp .L116
 531               	.L85:
 532 029e 8035      		cpi r24,80
 533 02a0 9105      		cpc r25,__zero_reg__
 534 02a2 01F4      		brne .+2
 535 02a4 00C0      		rjmp .L73
 536 02a6 8835      		cpi r24,88
 537 02a8 9105      		cpc r25,__zero_reg__
 538 02aa 01F4      		brne .+2
 539 02ac 00C0      		rjmp .L74
 540 02ae 8834      		cpi r24,72
 541 02b0 9105      		cpc r25,__zero_reg__
 542 02b2 01F0      		breq .+2
 543 02b4 00C0      		rjmp .L102
 544 02b6 00C0      		rjmp .L117
 545               	.L82:
 546 02b8 8839      		cpi r24,152
 547 02ba 9105      		cpc r25,__zero_reg__
 548 02bc 01F4      		brne .+2
 549 02be 00C0      		rjmp .L100
 550 02c0 8939      		cpi r24,153
 551 02c2 9105      		cpc r25,__zero_reg__
 552 02c4 04F4      		brge .L86
 553 02c6 8837      		cpi r24,120
 554 02c8 9105      		cpc r25,__zero_reg__
 555 02ca 01F4      		brne .+2
 556 02cc 00C0      		rjmp .L75
 557 02ce 8937      		cpi r24,121
 558 02d0 9105      		cpc r25,__zero_reg__
 559 02d2 04F4      		brge .L87
 560 02d4 8836      		cpi r24,104
 561 02d6 9105      		cpc r25,__zero_reg__
 562 02d8 01F4      		brne .+2
 563 02da 00C0      		rjmp .L75
 564 02dc 8037      		cpi r24,112
 565 02de 9105      		cpc r25,__zero_reg__
 566 02e0 01F0      		breq .+2
 567 02e2 00C0      		rjmp .L102
 568 02e4 00C0      		rjmp .L75
 569               	.L87:
 570 02e6 8838      		cpi r24,136
 571 02e8 9105      		cpc r25,__zero_reg__
 572 02ea 01F4      		brne .+2
 573 02ec 00C0      		rjmp .L100
 574 02ee 8039      		cpi r24,144
 575 02f0 9105      		cpc r25,__zero_reg__
 576 02f2 01F4      		brne .+2
 577 02f4 00C0      		rjmp .L76
 578 02f6 8038      		cpi r24,128
 579 02f8 9105      		cpc r25,__zero_reg__
 580 02fa 01F0      		breq .+2
 581 02fc 00C0      		rjmp .L102
 582 02fe 00C0      		rjmp .L76
 583               	.L86:
 584 0300 803B      		cpi r24,176
 585 0302 9105      		cpc r25,__zero_reg__
 586 0304 01F4      		brne .+2
 587 0306 00C0      		rjmp .L79
 588 0308 813B      		cpi r24,177
 589 030a 9105      		cpc r25,__zero_reg__
 590 030c 04F4      		brge .L88
 591 030e 803A      		cpi r24,160
 592 0310 9105      		cpc r25,__zero_reg__
 593 0312 01F4      		brne .+2
 594 0314 00C0      		rjmp .L78
 595 0316 883A      		cpi r24,168
 596 0318 9105      		cpc r25,__zero_reg__
 597 031a 01F0      		breq .+2
 598 031c 00C0      		rjmp .L102
 599 031e 00C0      		rjmp .L79
 600               	.L88:
 601 0320 803C      		cpi r24,192
 602 0322 9105      		cpc r25,__zero_reg__
 603 0324 01F4      		brne .+2
 604 0326 00C0      		rjmp .L81
 605 0328 883C      		cpi r24,200
 606 032a 9105      		cpc r25,__zero_reg__
 607 032c 01F4      		brne .+2
 608 032e 00C0      		rjmp .L81
 609 0330 883B      		cpi r24,184
 610 0332 9105      		cpc r25,__zero_reg__
 611 0334 01F0      		breq .+2
 612 0336 00C0      		rjmp .L102
 613 0338 00C0      		rjmp .L80
 614               	.L66:
 615               	.LM80:
 616 033a 8091 0000 		lds r24,twi_slarw
 617 033e 8093 BB00 		sts 187,r24
 618 0342 00C0      		rjmp .L111
 619               	.L67:
 620               	.LM81:
 621 0344 9091 0000 		lds r25,twi_masterBufferIndex
 622 0348 8091 0000 		lds r24,twi_masterBufferLength
 623 034c 9817      		cp r25,r24
 624 034e 00F4      		brsh .L89
 625               	.LM82:
 626 0350 9091 0000 		lds r25,twi_masterBufferIndex
 627 0354 E92F      		mov r30,r25
 628 0356 F0E0      		ldi r31,lo8(0)
 629 0358 E050      		subi r30,lo8(-(twi_masterBuffer))
 630 035a F040      		sbci r31,hi8(-(twi_masterBuffer))
 631 035c 8081      		ld r24,Z
 632 035e 8093 BB00 		sts 187,r24
 633 0362 9F5F      		subi r25,lo8(-(1))
 634 0364 9093 0000 		sts twi_masterBufferIndex,r25
 635 0368 00C0      		rjmp .L111
 636               	.L89:
 637               	.LM83:
 638 036a 8091 0000 		lds r24,twi_sendStop
 639 036e 8823      		tst r24
 640 0370 01F4      		brne .+2
 641 0372 00C0      		rjmp .L95
 642               	.LBB40:
 643               	.LBB41:
 644               	.LM84:
 645 0374 85ED      		ldi r24,lo8(-43)
 646 0376 8093 BC00 		sts 188,r24
 647               	.L91:
 648               	.LM85:
 649 037a 8091 BC00 		lds r24,188
 650 037e 84FD      		sbrc r24,4
 651 0380 00C0      		rjmp .L91
 652 0382 00C0      		rjmp .L110
 653               	.L115:
 654               	.LBE41:
 655               	.LBE40:
 656               	.LM86:
 657 0384 80E2      		ldi r24,lo8(32)
 658 0386 8093 0000 		sts twi_error,r24
 659               	.LBB42:
 660               	.LBB43:
 661               	.LM87:
 662 038a 85ED      		ldi r24,lo8(-43)
 663 038c 8093 BC00 		sts 188,r24
 664               	.L92:
 665               	.LM88:
 666 0390 8091 BC00 		lds r24,188
 667 0394 84FD      		sbrc r24,4
 668 0396 00C0      		rjmp .L92
 669 0398 00C0      		rjmp .L110
 670               	.L69:
 671               	.LBE43:
 672               	.LBE42:
 673               	.LM89:
 674 039a 80E3      		ldi r24,lo8(48)
 675 039c 8093 0000 		sts twi_error,r24
 676               	.LBB44:
 677               	.LBB45:
 678               	.LM90:
 679 03a0 85ED      		ldi r24,lo8(-43)
 680 03a2 8093 BC00 		sts 188,r24
 681               	.L93:
 682               	.LM91:
 683 03a6 8091 BC00 		lds r24,188
 684 03aa 84FD      		sbrc r24,4
 685 03ac 00C0      		rjmp .L93
 686 03ae 00C0      		rjmp .L110
 687               	.L116:
 688               	.LBE45:
 689               	.LBE44:
 690               	.LM92:
 691 03b0 88E3      		ldi r24,lo8(56)
 692 03b2 8093 0000 		sts twi_error,r24
 693 03b6 00C0      		rjmp .L81
 694               	.L73:
 695               	.LM93:
 696 03b8 8091 0000 		lds r24,twi_masterBufferIndex
 697 03bc 9091 BB00 		lds r25,187
 698 03c0 E82F      		mov r30,r24
 699 03c2 F0E0      		ldi r31,lo8(0)
 700 03c4 E050      		subi r30,lo8(-(twi_masterBuffer))
 701 03c6 F040      		sbci r31,hi8(-(twi_masterBuffer))
 702 03c8 9083      		st Z,r25
 703 03ca 8F5F      		subi r24,lo8(-(1))
 704 03cc 8093 0000 		sts twi_masterBufferIndex,r24
 705               	.L71:
 706               	.LM94:
 707 03d0 9091 0000 		lds r25,twi_masterBufferIndex
 708 03d4 8091 0000 		lds r24,twi_masterBufferLength
 709 03d8 00C0      		rjmp .L114
 710               	.L74:
 711               	.LM95:
 712 03da 8091 0000 		lds r24,twi_masterBufferIndex
 713 03de 9091 BB00 		lds r25,187
 714 03e2 E82F      		mov r30,r24
 715 03e4 F0E0      		ldi r31,lo8(0)
 716 03e6 E050      		subi r30,lo8(-(twi_masterBuffer))
 717 03e8 F040      		sbci r31,hi8(-(twi_masterBuffer))
 718 03ea 9083      		st Z,r25
 719 03ec 8F5F      		subi r24,lo8(-(1))
 720 03ee 8093 0000 		sts twi_masterBufferIndex,r24
 721               	.LM96:
 722 03f2 8091 0000 		lds r24,twi_sendStop
 723 03f6 8823      		tst r24
 724 03f8 01F0      		breq .L95
 725               	.LBB46:
 726               	.LBB47:
 727               	.LM97:
 728 03fa 85ED      		ldi r24,lo8(-43)
 729 03fc 8093 BC00 		sts 188,r24
 730               	.L96:
 731               	.LM98:
 732 0400 8091 BC00 		lds r24,188
 733 0404 84FD      		sbrc r24,4
 734 0406 00C0      		rjmp .L96
 735 0408 00C0      		rjmp .L110
 736               	.L95:
 737               	.LBE47:
 738               	.LBE46:
 739               	.LM99:
 740 040a 81E0      		ldi r24,lo8(1)
 741 040c 8093 0000 		sts twi_inRepStart,r24
 742               	.LM100:
 743 0410 84EA      		ldi r24,lo8(-92)
 744 0412 00C0      		rjmp .L112
 745               	.L117:
 746               	.LBB48:
 747               	.LBB49:
 748               	.LM101:
 749 0414 85ED      		ldi r24,lo8(-43)
 750 0416 8093 BC00 		sts 188,r24
 751               	.L97:
 752               	.LM102:
 753 041a 8091 BC00 		lds r24,188
 754 041e 84FD      		sbrc r24,4
 755 0420 00C0      		rjmp .L97
 756 0422 00C0      		rjmp .L110
 757               	.L75:
 758               	.LBE49:
 759               	.LBE48:
 760               	.LM103:
 761 0424 83E0      		ldi r24,lo8(3)
 762 0426 8093 0000 		sts twi_state,r24
 763               	.LM104:
 764 042a 1092 0000 		sts twi_rxBufferIndex,__zero_reg__
 765 042e 00C0      		rjmp .L111
 766               	.L76:
 767               	.LM105:
 768 0430 8091 0000 		lds r24,twi_rxBufferIndex
 769 0434 8032      		cpi r24,lo8(32)
 770 0436 00F0      		brlo .+2
 771 0438 00C0      		rjmp .L100
 772               	.LM106:
 773 043a 8091 0000 		lds r24,twi_rxBufferIndex
 774 043e 9091 BB00 		lds r25,187
 775 0442 E82F      		mov r30,r24
 776 0444 F0E0      		ldi r31,lo8(0)
 777 0446 E050      		subi r30,lo8(-(twi_rxBuffer))
 778 0448 F040      		sbci r31,hi8(-(twi_rxBuffer))
 779 044a 9083      		st Z,r25
 780 044c 8F5F      		subi r24,lo8(-(1))
 781 044e 8093 0000 		sts twi_rxBufferIndex,r24
 782 0452 00C0      		rjmp .L111
 783               	.L78:
 784               	.LBB50:
 785               	.LBB51:
 786               	.LM107:
 787 0454 85EC      		ldi r24,lo8(-59)
 788 0456 8093 BC00 		sts 188,r24
 789               	.LM108:
 790 045a 1092 0000 		sts twi_state,__zero_reg__
 791               	.LBE51:
 792               	.LBE50:
 793               	.LM109:
 794 045e 8091 0000 		lds r24,twi_rxBufferIndex
 795 0462 8032      		cpi r24,lo8(32)
 796 0464 00F4      		brsh .L99
 797               	.LM110:
 798 0466 E091 0000 		lds r30,twi_rxBufferIndex
 799 046a F0E0      		ldi r31,lo8(0)
 800 046c E050      		subi r30,lo8(-(twi_rxBuffer))
 801 046e F040      		sbci r31,hi8(-(twi_rxBuffer))
 802 0470 1082      		st Z,__zero_reg__
 803               	.L99:
 804               	.LM111:
 805 0472 6091 0000 		lds r22,twi_rxBufferIndex
 806 0476 E091 0000 		lds r30,twi_onSlaveReceive
 807 047a F091 0000 		lds r31,(twi_onSlaveReceive)+1
 808 047e 80E0      		ldi r24,lo8(twi_rxBuffer)
 809 0480 90E0      		ldi r25,hi8(twi_rxBuffer)
 810 0482 70E0      		ldi r23,lo8(0)
 811 0484 0995      		icall
 812               	.LM112:
 813 0486 1092 0000 		sts twi_rxBufferIndex,__zero_reg__
 814 048a 00C0      		rjmp .L102
 815               	.L79:
 816               	.LM113:
 817 048c 84E0      		ldi r24,lo8(4)
 818 048e 8093 0000 		sts twi_state,r24
 819               	.LM114:
 820 0492 1092 0000 		sts twi_txBufferIndex,__zero_reg__
 821               	.LM115:
 822 0496 1092 0000 		sts twi_txBufferLength,__zero_reg__
 823               	.LM116:
 824 049a E091 0000 		lds r30,twi_onSlaveTransmit
 825 049e F091 0000 		lds r31,(twi_onSlaveTransmit)+1
 826 04a2 0995      		icall
 827               	.LM117:
 828 04a4 8091 0000 		lds r24,twi_txBufferLength
 829 04a8 8823      		tst r24
 830 04aa 01F4      		brne .L80
 831               	.LM118:
 832 04ac 81E0      		ldi r24,lo8(1)
 833 04ae 8093 0000 		sts twi_txBufferLength,r24
 834               	.LM119:
 835 04b2 1092 0000 		sts twi_txBuffer,__zero_reg__
 836               	.L80:
 837               	.LM120:
 838 04b6 9091 0000 		lds r25,twi_txBufferIndex
 839 04ba E92F      		mov r30,r25
 840 04bc F0E0      		ldi r31,lo8(0)
 841 04be E050      		subi r30,lo8(-(twi_txBuffer))
 842 04c0 F040      		sbci r31,hi8(-(twi_txBuffer))
 843 04c2 8081      		ld r24,Z
 844 04c4 8093 BB00 		sts 187,r24
 845 04c8 9F5F      		subi r25,lo8(-(1))
 846 04ca 9093 0000 		sts twi_txBufferIndex,r25
 847               	.LM121:
 848 04ce 9091 0000 		lds r25,twi_txBufferIndex
 849 04d2 8091 0000 		lds r24,twi_txBufferLength
 850               	.L114:
 851 04d6 9817      		cp r25,r24
 852 04d8 00F4      		brsh .L100
 853               	.L111:
 854               	.LBB52:
 855               	.LBB53:
 856               	.LM122:
 857 04da 85EC      		ldi r24,lo8(-59)
 858 04dc 00C0      		rjmp .L109
 859               	.L100:
 860               	.LBE53:
 861               	.LBE52:
 862               	.LBB54:
 863               	.LBB55:
 864               	.LM123:
 865 04de 85E8      		ldi r24,lo8(-123)
 866               	.L109:
 867 04e0 8093 BC00 		sts 188,r24
 868 04e4 00C0      		rjmp .L102
 869               	.L81:
 870               	.LBE55:
 871               	.LBE54:
 872               	.LBB56:
 873               	.LBB57:
 874               	.LM124:
 875 04e6 85EC      		ldi r24,lo8(-59)
 876               	.L112:
 877 04e8 8093 BC00 		sts 188,r24
 878 04ec 00C0      		rjmp .L110
 879               	.L65:
 880               	.LBE57:
 881               	.LBE56:
 882               	.LM125:
 883 04ee 1092 0000 		sts twi_error,__zero_reg__
 884               	.LBB58:
 885               	.LBB59:
 886               	.LM126:
 887 04f2 85ED      		ldi r24,lo8(-43)
 888 04f4 8093 BC00 		sts 188,r24
 889               	.L101:
 890               	.LM127:
 891 04f8 8091 BC00 		lds r24,188
 892 04fc 84FD      		sbrc r24,4
 893 04fe 00C0      		rjmp .L101
 894               	.L110:
 895               	.LM128:
 896 0500 1092 0000 		sts twi_state,__zero_reg__
 897               	.L102:
 898               	/* epilogue start */
 899               	.LBE59:
 900               	.LBE58:
 901               	.LM129:
 902 0504 FF91      		pop r31
 903 0506 EF91      		pop r30
 904 0508 BF91      		pop r27
 905 050a AF91      		pop r26
 906 050c 9F91      		pop r25
 907 050e 8F91      		pop r24
 908 0510 7F91      		pop r23
 909 0512 6F91      		pop r22
 910 0514 5F91      		pop r21
 911 0516 4F91      		pop r20
 912 0518 3F91      		pop r19
 913 051a 2F91      		pop r18
 914 051c 0F90      		pop r0
 915 051e 0FBE      		out __SREG__,r0
 916 0520 0F90      		pop r0
 917 0522 1F90      		pop __zero_reg__
 918 0524 1895      		reti
 919               	.LFE16:
 921               	.global	twi_disable
 923               	twi_disable:
 924               	.LFB5:
 925               	.LM130:
 926               	/* prologue: function */
 927               	/* frame size = 0 */
 928               	.LM131:
 929 0526 ECEB      		ldi r30,lo8(188)
 930 0528 F0E0      		ldi r31,hi8(188)
 931 052a 8081      		ld r24,Z
 932 052c 8A7B      		andi r24,lo8(-70)
 933 052e 8083      		st Z,r24
 934               	.LM132:
 935 0530 82E1      		ldi r24,lo8(18)
 936 0532 60E0      		ldi r22,lo8(0)
 937 0534 0E94 0000 		call digitalWrite
 938               	.LM133:
 939 0538 83E1      		ldi r24,lo8(19)
 940 053a 60E0      		ldi r22,lo8(0)
 941 053c 0E94 0000 		call digitalWrite
 942               	/* epilogue start */
 943               	.LM134:
 944 0540 0895      		ret
 945               	.LFE5:
 947               	.global	twi_init
 949               	twi_init:
 950               	.LFB4:
 951               	.LM135:
 952               	/* prologue: function */
 953               	/* frame size = 0 */
 954               	.LM136:
 955 0542 1092 0000 		sts twi_state,__zero_reg__
 956               	.LM137:
 957 0546 81E0      		ldi r24,lo8(1)
 958 0548 8093 0000 		sts twi_sendStop,r24
 959               	.LM138:
 960 054c 1092 0000 		sts twi_inRepStart,__zero_reg__
 961               	.LM139:
 962 0550 82E1      		ldi r24,lo8(18)
 963 0552 61E0      		ldi r22,lo8(1)
 964 0554 0E94 0000 		call digitalWrite
 965               	.LM140:
 966 0558 83E1      		ldi r24,lo8(19)
 967 055a 61E0      		ldi r22,lo8(1)
 968 055c 0E94 0000 		call digitalWrite
 969               	.LM141:
 970 0560 E9EB      		ldi r30,lo8(185)
 971 0562 F0E0      		ldi r31,hi8(185)
 972 0564 8081      		ld r24,Z
 973 0566 8E7F      		andi r24,lo8(-2)
 974 0568 8083      		st Z,r24
 975               	.LM142:
 976 056a 8081      		ld r24,Z
 977 056c 8D7F      		andi r24,lo8(-3)
 978 056e 8083      		st Z,r24
 979               	.LM143:
 980 0570 88E4      		ldi r24,lo8(72)
 981 0572 8093 B800 		sts 184,r24
 982               	.LM144:
 983 0576 85E4      		ldi r24,lo8(69)
 984 0578 8093 BC00 		sts 188,r24
 985               	/* epilogue start */
 986               	.LM145:
 987 057c 0895      		ret
 988               	.LFE4:
 990               		.lcomm twi_state,1
 991               		.lcomm twi_slarw,1
 992               		.lcomm twi_sendStop,1
 993               		.lcomm twi_inRepStart,1
 994               		.lcomm twi_onSlaveTransmit,2
 995               		.lcomm twi_onSlaveReceive,2
 996               		.lcomm twi_masterBuffer,32
 997               		.lcomm twi_masterBufferIndex,1
 998               		.lcomm twi_masterBufferLength,1
 999               		.lcomm twi_txBuffer,32
 1000               		.lcomm twi_txBufferIndex,1
 1001               		.lcomm twi_txBufferLength,1
 1002               		.lcomm twi_rxBuffer,32
 1003               		.lcomm twi_rxBufferIndex,1
 1004               		.lcomm twi_error,1
 1125               	.Letext0:
DEFINED SYMBOLS
                            *ABS*:00000000 twi.c
C:\cygwin64\tmp/ccu95rID.s:2      *ABS*:0000003f __SREG__
C:\cygwin64\tmp/ccu95rID.s:3      *ABS*:0000003e __SP_H__
C:\cygwin64\tmp/ccu95rID.s:4      *ABS*:0000003d __SP_L__
C:\cygwin64\tmp/ccu95rID.s:5      *ABS*:00000034 __CCP__
C:\cygwin64\tmp/ccu95rID.s:6      *ABS*:00000000 __tmp_reg__
C:\cygwin64\tmp/ccu95rID.s:7      *ABS*:00000001 __zero_reg__
C:\cygwin64\tmp/ccu95rID.s:18     .text:00000000 twi_setAddress
C:\cygwin64\tmp/ccu95rID.s:35     .text:00000008 twi_setFrequency
C:\cygwin64\tmp/ccu95rID.s:67     .text:0000002e twi_readFrom
                             .bss:00000000 twi_state
C:\cygwin64\tmp/ccu95rID.s:991    .bss:00000002 twi_sendStop
C:\cygwin64\tmp/ccu95rID.s:1003   .bss:0000006d twi_error
C:\cygwin64\tmp/ccu95rID.s:996    .bss:00000028 twi_masterBufferIndex
C:\cygwin64\tmp/ccu95rID.s:997    .bss:00000029 twi_masterBufferLength
C:\cygwin64\tmp/ccu95rID.s:990    .bss:00000001 twi_slarw
C:\cygwin64\tmp/ccu95rID.s:992    .bss:00000003 twi_inRepStart
C:\cygwin64\tmp/ccu95rID.s:995    .bss:00000008 twi_masterBuffer
C:\cygwin64\tmp/ccu95rID.s:172    .text:000000c8 twi_writeTo
C:\cygwin64\tmp/ccu95rID.s:295    .text:0000017a twi_transmit
C:\cygwin64\tmp/ccu95rID.s:1000   .bss:0000004b twi_txBufferLength
C:\cygwin64\tmp/ccu95rID.s:998    .bss:0000002a twi_txBuffer
C:\cygwin64\tmp/ccu95rID.s:355    .text:000001c8 twi_attachSlaveRxEvent
C:\cygwin64\tmp/ccu95rID.s:994    .bss:00000006 twi_onSlaveReceive
C:\cygwin64\tmp/ccu95rID.s:371    .text:000001d2 twi_attachSlaveTxEvent
C:\cygwin64\tmp/ccu95rID.s:993    .bss:00000004 twi_onSlaveTransmit
C:\cygwin64\tmp/ccu95rID.s:387    .text:000001dc twi_reply
C:\cygwin64\tmp/ccu95rID.s:412    .text:000001ec twi_stop
C:\cygwin64\tmp/ccu95rID.s:434    .text:00000200 twi_releaseBus
C:\cygwin64\tmp/ccu95rID.s:451    .text:0000020c __vector_24
C:\cygwin64\tmp/ccu95rID.s:1002   .bss:0000006c twi_rxBufferIndex
C:\cygwin64\tmp/ccu95rID.s:1001   .bss:0000004c twi_rxBuffer
C:\cygwin64\tmp/ccu95rID.s:999    .bss:0000004a twi_txBufferIndex
C:\cygwin64\tmp/ccu95rID.s:923    .text:00000526 twi_disable
C:\cygwin64\tmp/ccu95rID.s:949    .text:00000542 twi_init

UNDEFINED SYMBOLS
__udivmodsi4
digitalWrite
__do_clear_bss
